2019-10-09 15:16:51 root engine.py start INFO<40>爬虫开启
2019-10-09 15:16:52 root engine.py start INFO<47>爬虫结束
2019-10-09 15:16:52 root engine.py start INFO<48>共发送请求数量：1
2019-10-09 15:16:52 root engine.py start INFO<49>请求成功数：1
2019-10-09 15:19:40 root engine.py start INFO<43>爬虫开启
2019-10-09 15:19:40 root engine.py start INFO<51>爬虫结束，共耗时-0.08258901699999999秒
2019-10-09 15:19:40 root engine.py start INFO<52>共发送请求数量：1
2019-10-09 15:19:40 root engine.py start INFO<53>请求成功数：1
2019-10-09 15:19:59 root engine.py start INFO<43>爬虫开启
2019-10-09 15:19:59 root engine.py start INFO<51>爬虫结束，共耗时0.047824807999999996秒
2019-10-09 15:19:59 root engine.py start INFO<52>共发送请求数量：1
2019-10-09 15:19:59 root engine.py start INFO<53>请求成功数：1
2019-10-09 15:26:31 root engine.py start INFO<43>爬虫开启
2019-10-09 15:26:32 root engine.py start INFO<51>爬虫结束，共耗时0.5533965169999999秒
2019-10-09 15:26:32 root engine.py start INFO<52>共发送请求数量：1
2019-10-09 15:26:32 root engine.py start INFO<53>请求成功数：1
2019-10-09 15:41:16 root engine.py start INFO<43>爬虫开启
2019-10-09 15:42:36 root engine.py start INFO<43>爬虫开启
2019-10-09 15:43:27 root engine.py start INFO<43>爬虫开启
2019-10-09 15:43:28 root engine.py start INFO<51>爬虫结束，共耗时0.308683841秒
2019-10-09 15:43:28 root engine.py start INFO<52>共发送请求数量：3
2019-10-09 15:43:28 root engine.py start INFO<53>请求成功数：3
2019-10-09 15:56:42 root engine.py start INFO<46>爬虫开启
2019-10-09 15:58:10 root engine.py start INFO<47>爬虫开启
2019-10-09 15:58:35 root engine.py start INFO<47>爬虫开启
2019-10-09 16:02:16 root engine.py start INFO<48>爬虫开启
2019-10-09 16:02:54 root engine.py start INFO<48>爬虫开启
2019-10-09 16:02:55 root engine.py start INFO<56>爬虫结束，共耗时0.989719789秒
2019-10-09 16:02:55 root engine.py start INFO<57>共发送请求数量：4
2019-10-09 16:02:55 root engine.py start INFO<58>请求成功数：4
2019-10-09 16:28:41 root engine.py start INFO<59>爬虫开启
2019-10-09 16:30:00 root engine.py start INFO<61>爬虫开启
2019-10-09 16:30:01 root engine.py start INFO<69>爬虫结束，共耗时0.467588103秒
2019-10-09 16:30:01 root engine.py start INFO<70>共发送请求数量：4
2019-10-09 16:30:01 root engine.py start INFO<71>请求成功数：4
2019-10-09 16:37:50 root engine.py start INFO<61>爬虫开启
2019-10-09 16:53:31 root engine.py start INFO<67>爬虫开启
2019-10-09 16:53:32 root engine.py start INFO<75>爬虫结束，共耗时0.7649151920000001秒
2019-10-09 16:53:32 root engine.py start INFO<76>共发送请求数量：4
2019-10-09 16:53:32 root engine.py start INFO<77>请求成功数：4
