2019-10-09 15:16:51 root engine.py start INFO<40>爬虫开启
2019-10-09 15:16:52 root engine.py start INFO<47>爬虫结束
2019-10-09 15:16:52 root engine.py start INFO<48>共发送请求数量：1
2019-10-09 15:16:52 root engine.py start INFO<49>请求成功数：1
2019-10-09 15:19:40 root engine.py start INFO<43>爬虫开启
2019-10-09 15:19:40 root engine.py start INFO<51>爬虫结束，共耗时-0.08258901699999999秒
2019-10-09 15:19:40 root engine.py start INFO<52>共发送请求数量：1
2019-10-09 15:19:40 root engine.py start INFO<53>请求成功数：1
2019-10-09 15:19:59 root engine.py start INFO<43>爬虫开启
2019-10-09 15:19:59 root engine.py start INFO<51>爬虫结束，共耗时0.047824807999999996秒
2019-10-09 15:19:59 root engine.py start INFO<52>共发送请求数量：1
2019-10-09 15:19:59 root engine.py start INFO<53>请求成功数：1
2019-10-09 15:26:31 root engine.py start INFO<43>爬虫开启
2019-10-09 15:26:32 root engine.py start INFO<51>爬虫结束，共耗时0.5533965169999999秒
2019-10-09 15:26:32 root engine.py start INFO<52>共发送请求数量：1
2019-10-09 15:26:32 root engine.py start INFO<53>请求成功数：1
2019-10-09 15:41:16 root engine.py start INFO<43>爬虫开启
2019-10-09 15:42:36 root engine.py start INFO<43>爬虫开启
2019-10-09 15:43:27 root engine.py start INFO<43>爬虫开启
2019-10-09 15:43:28 root engine.py start INFO<51>爬虫结束，共耗时0.308683841秒
2019-10-09 15:43:28 root engine.py start INFO<52>共发送请求数量：3
2019-10-09 15:43:28 root engine.py start INFO<53>请求成功数：3
2019-10-09 15:56:42 root engine.py start INFO<46>爬虫开启
2019-10-09 15:58:10 root engine.py start INFO<47>爬虫开启
2019-10-09 15:58:35 root engine.py start INFO<47>爬虫开启
2019-10-09 16:02:16 root engine.py start INFO<48>爬虫开启
2019-10-09 16:02:54 root engine.py start INFO<48>爬虫开启
2019-10-09 16:02:55 root engine.py start INFO<56>爬虫结束，共耗时0.989719789秒
2019-10-09 16:02:55 root engine.py start INFO<57>共发送请求数量：4
2019-10-09 16:02:55 root engine.py start INFO<58>请求成功数：4
2019-10-09 16:28:41 root engine.py start INFO<59>爬虫开启
2019-10-09 16:30:00 root engine.py start INFO<61>爬虫开启
2019-10-09 16:30:01 root engine.py start INFO<69>爬虫结束，共耗时0.467588103秒
2019-10-09 16:30:01 root engine.py start INFO<70>共发送请求数量：4
2019-10-09 16:30:01 root engine.py start INFO<71>请求成功数：4
2019-10-09 16:37:50 root engine.py start INFO<61>爬虫开启
2019-10-09 16:53:31 root engine.py start INFO<67>爬虫开启
2019-10-09 16:53:32 root engine.py start INFO<75>爬虫结束，共耗时0.7649151920000001秒
2019-10-09 16:53:32 root engine.py start INFO<76>共发送请求数量：4
2019-10-09 16:53:32 root engine.py start INFO<77>请求成功数：4
2019-10-09 17:43:57 root engine.py start INFO<67>爬虫开启
2019-10-09 17:44:29 root engine.py start INFO<67>爬虫开启
2019-10-09 17:44:30 root engine.py start INFO<75>爬虫结束，共耗时0.35225855秒
2019-10-09 17:44:30 root engine.py start INFO<76>共发送请求数量：4
2019-10-09 17:44:30 root engine.py start INFO<77>请求成功数：4
2019-10-09 17:44:41 root engine.py start INFO<67>爬虫开启
2019-10-09 17:44:41 root engine.py start INFO<75>爬虫结束，共耗时0.35768462900000003秒
2019-10-09 17:44:41 root engine.py start INFO<76>共发送请求数量：4
2019-10-09 17:44:41 root engine.py start INFO<77>请求成功数：4
2019-10-09 17:47:52 root engine.py start INFO<67>爬虫开启
2019-10-09 17:48:15 root engine.py start INFO<67>爬虫开启
2019-10-09 17:48:16 root engine.py start INFO<75>爬虫结束，共耗时0.412253952秒
2019-10-09 17:48:16 root engine.py start INFO<76>共发送请求数量：4
2019-10-09 17:48:16 root engine.py start INFO<77>请求成功数：4
2019-10-09 17:48:56 root engine.py start INFO<67>爬虫开启
2019-10-09 17:48:56 root engine.py start INFO<75>爬虫结束，共耗时0.40049451100000005秒
2019-10-09 17:48:56 root engine.py start INFO<76>共发送请求数量：4
2019-10-09 17:48:56 root engine.py start INFO<77>请求成功数：4
2019-10-09 17:50:58 root engine.py start INFO<67>爬虫开启
2019-10-09 17:50:58 root engine.py start INFO<75>爬虫结束，共耗时0.391225959秒
2019-10-09 17:50:58 root engine.py start INFO<76>共发送请求数量：4
2019-10-09 17:50:58 root engine.py start INFO<77>请求成功数：4
2019-10-09 18:00:38 root engine.py start INFO<69>爬虫开启
2019-10-09 18:01:33 root engine.py start INFO<69>爬虫开启
2019-10-09 18:03:10 root engine.py start INFO<70>爬虫开启
2019-10-09 18:04:02 root engine.py start INFO<70>爬虫开启
2019-10-09 18:04:11 root engine.py start INFO<78>爬虫结束，共耗时8.63965734秒
2019-10-09 18:04:11 root engine.py start INFO<79>共发送请求数量：24
2019-10-09 18:04:11 root engine.py start INFO<80>请求成功数：24
2019-10-09 18:06:38 root engine.py start INFO<70>爬虫开启
2019-10-09 18:06:45 root engine.py start INFO<78>爬虫结束，共耗时7.831815903秒
2019-10-09 18:06:45 root engine.py start INFO<79>共发送请求数量：24
2019-10-09 18:06:45 root engine.py start INFO<80>请求成功数：24
2019-10-09 19:28:28 root engine.py start INFO<70>爬虫开启
2019-10-09 19:28:35 root engine.py start INFO<78>爬虫结束，共耗时6.824413402999999秒
2019-10-09 19:28:35 root engine.py start INFO<79>共发送请求数量：22
2019-10-09 19:28:35 root engine.py start INFO<80>请求成功数：20
2019-10-09 19:28:35 root engine.py start INFO<81>重复请求2
2019-10-09 19:40:59 root engine.py start INFO<76>爬虫开启
2019-10-09 19:40:59 root engine.py start INFO<88>爬虫结束，共耗时0.010614139999999939秒
2019-10-09 19:40:59 root engine.py start INFO<89>共发送请求数量：0
2019-10-09 19:40:59 root engine.py start INFO<90>请求成功数：0
2019-10-09 19:40:59 root engine.py start INFO<91>重复请求0
2019-10-09 19:41:32 root engine.py start INFO<76>爬虫开启
2019-10-09 19:41:32 root engine.py start INFO<88>爬虫结束，共耗时0.10857410599999995秒
2019-10-09 19:41:32 root engine.py start INFO<89>共发送请求数量：0
2019-10-09 19:41:32 root engine.py start INFO<90>请求成功数：0
2019-10-09 19:41:32 root engine.py start INFO<91>重复请求0
2019-10-09 19:42:55 root engine.py start INFO<76>爬虫开启
2019-10-09 19:42:55 root engine.py start INFO<88>爬虫结束，共耗时0.11009106699999993秒
2019-10-09 19:42:55 root engine.py start INFO<89>共发送请求数量：2
2019-10-09 19:42:55 root engine.py start INFO<90>请求成功数：0
2019-10-09 19:42:55 root engine.py start INFO<91>重复请求2
2019-10-09 19:43:14 root engine.py start INFO<76>爬虫开启
2019-10-09 19:43:14 root engine.py start INFO<88>爬虫结束，共耗时0.10185356899999998秒
2019-10-09 19:43:14 root engine.py start INFO<89>共发送请求数量：2
2019-10-09 19:43:14 root engine.py start INFO<90>请求成功数：0
2019-10-09 19:43:14 root engine.py start INFO<91>重复请求2
2019-10-09 19:46:08 root engine.py start INFO<76>爬虫开启
2019-10-09 19:46:09 root engine.py start INFO<88>爬虫结束，共耗时0.10316671700000002秒
2019-10-09 19:46:09 root engine.py start INFO<89>共发送请求数量：2
2019-10-09 19:46:09 root engine.py start INFO<90>请求成功数：0
2019-10-09 19:46:09 root engine.py start INFO<91>重复请求2
2019-10-09 19:48:08 root engine.py start INFO<76>爬虫开启
2019-10-09 19:48:10 root engine.py start INFO<89>爬虫结束，共耗时2.101445591秒
2019-10-09 19:48:10 root engine.py start INFO<90>共发送请求数量：2
2019-10-09 19:48:10 root engine.py start INFO<91>请求成功数：0
2019-10-09 19:48:10 root engine.py start INFO<92>重复请求2
2019-10-09 19:48:32 root engine.py start INFO<76>爬虫开启
2019-10-09 19:48:34 root engine.py start INFO<88>爬虫结束，共耗时2.000320882秒
2019-10-09 19:48:34 root engine.py start INFO<89>共发送请求数量：2
2019-10-09 19:48:34 root engine.py start INFO<90>请求成功数：0
2019-10-09 19:48:34 root engine.py start INFO<91>重复请求2
2019-10-09 19:49:10 root engine.py start INFO<76>爬虫开启
2019-10-09 19:49:12 root engine.py start INFO<88>爬虫结束，共耗时2.0009555939999997秒
2019-10-09 19:49:12 root engine.py start INFO<89>共发送请求数量：0
2019-10-09 19:49:12 root engine.py start INFO<90>请求成功数：0
2019-10-09 19:49:12 root engine.py start INFO<91>重复请求0
2019-10-09 19:49:58 root engine.py start INFO<76>爬虫开启
2019-10-09 19:50:00 root engine.py start INFO<89>爬虫结束，共耗时1.9996572559999999秒
2019-10-09 19:50:00 root engine.py start INFO<90>共发送请求数量：2
2019-10-09 19:50:00 root engine.py start INFO<91>请求成功数：0
2019-10-09 19:50:00 root engine.py start INFO<92>重复请求2
2019-10-09 19:50:41 root engine.py start INFO<76>爬虫开启
2019-10-09 19:50:42 root downloder.py get_resp INFO<13>请求http://www.baidu.com<200>结束
2019-10-09 19:50:42 root downloder.py get_resp INFO<13>请求https://www.guokr.com/ask/newest/<200>结束
2019-10-09 19:50:43 root downloder.py get_resp INFO<13>请求https://www.guokr.com/question/686417/<200>结束
2019-10-09 19:50:43 root downloder.py get_resp INFO<13>请求https://www.guokr.com/question/686401/<200>结束
2019-10-09 19:50:44 root downloder.py get_resp INFO<13>请求https://www.guokr.com/question/686397/<200>结束
2019-10-09 19:50:44 root downloder.py get_resp INFO<13>请求https://www.guokr.com/question/686395/<200>结束
2019-10-09 19:50:44 root downloder.py get_resp INFO<13>请求https://www.guokr.com/question/686386/<200>结束
2019-10-09 19:50:45 root downloder.py get_resp INFO<13>请求https://www.guokr.com/question/686327/<200>结束
2019-10-09 19:50:45 root downloder.py get_resp INFO<13>请求https://www.guokr.com/question/686316/<200>结束
2019-10-09 19:50:45 root downloder.py get_resp INFO<13>请求https://www.guokr.com/question/686313/<200>结束
2019-10-09 19:50:46 root downloder.py get_resp INFO<13>请求https://www.guokr.com/question/686308/<200>结束
2019-10-09 19:50:46 root downloder.py get_resp INFO<13>请求https://www.guokr.com/question/686307/<200>结束
2019-10-09 19:50:47 root downloder.py get_resp INFO<13>请求https://www.guokr.com/question/686274/<200>结束
2019-10-09 19:50:47 root downloder.py get_resp INFO<13>请求https://www.guokr.com/question/686264/<200>结束
2019-10-09 19:50:47 root downloder.py get_resp INFO<13>请求https://www.guokr.com/question/686255/<200>结束
2019-10-09 19:50:48 root downloder.py get_resp INFO<13>请求https://www.guokr.com/question/686250/<200>结束
2019-10-09 19:50:48 root downloder.py get_resp INFO<13>请求https://www.guokr.com/question/686249/<200>结束
2019-10-09 19:50:48 root downloder.py get_resp INFO<13>请求https://www.guokr.com/question/686248/<200>结束
2019-10-09 19:50:49 root downloder.py get_resp INFO<13>请求https://www.guokr.com/question/686234/<200>结束
2019-10-09 19:50:49 root downloder.py get_resp INFO<13>请求https://www.guokr.com/question/686213/<200>结束
2019-10-09 19:50:49 root engine.py start INFO<89>爬虫结束，共耗时7.772395972999999秒
2019-10-09 19:50:49 root engine.py start INFO<90>共发送请求数量：22
2019-10-09 19:50:49 root engine.py start INFO<91>请求成功数：20
2019-10-09 19:50:49 root engine.py start INFO<92>重复请求2
2019-10-09 19:55:38 root engine.py start INFO<76>爬虫开启
2019-10-09 19:56:17 root engine.py start INFO<76>爬虫开启
2019-10-09 19:57:07 root engine.py start INFO<76>爬虫开启
2019-10-09 19:57:32 root engine.py start INFO<76>爬虫开启
2019-10-09 19:58:35 root engine.py start INFO<76>爬虫开启
2019-10-09 19:58:35 root engine.py start INFO<90>爬虫结束，共耗时0.010914569999999957秒
2019-10-09 19:58:35 root engine.py start INFO<91>共发送请求数量：0
2019-10-09 19:58:35 root engine.py start INFO<92>请求成功数：0
2019-10-09 19:58:35 root engine.py start INFO<93>重复请求0
2019-10-09 19:59:51 root engine.py start INFO<75>爬虫开启
2019-10-09 20:01:31 root engine.py start INFO<75>爬虫开启
2019-10-09 20:02:03 root engine.py start INFO<76>爬虫开启
2019-10-09 20:03:05 root engine.py start INFO<77>爬虫开启
2019-10-09 20:03:34 root engine.py start INFO<77>爬虫开启
2019-10-09 20:04:04 root engine.py start INFO<78>爬虫开启
2019-10-09 20:06:11 root engine.py start INFO<76>爬虫开启
2019-10-09 20:06:11 root engine.py start INFO<90>爬虫结束，共耗时0.010715693000000026秒
2019-10-09 20:06:11 root engine.py start INFO<91>共发送请求数量：2
2019-10-09 20:06:11 root engine.py start INFO<92>请求成功数：0
2019-10-09 20:06:11 root engine.py start INFO<93>重复请求2
2019-10-09 20:07:28 root engine.py start INFO<76>爬虫开启
2019-10-09 20:07:28 root engine.py start INFO<90>爬虫结束，共耗时0.01059439299999998秒
2019-10-09 20:07:28 root engine.py start INFO<91>共发送请求数量：2
2019-10-09 20:07:28 root engine.py start INFO<92>请求成功数：0
2019-10-09 20:07:28 root engine.py start INFO<93>重复请求2
2019-10-09 20:07:28 root downloder.py get_resp INFO<13>请求http://www.baidu.com<200>结束
2019-10-09 20:09:24 root engine.py start INFO<76>爬虫开启
2019-10-09 20:09:24 root downloder.py get_resp INFO<13>请求http://www.baidu.com<200>结束
2019-10-09 20:09:24 root downloder.py get_resp INFO<13>请求https://www.guokr.com/ask/newest/<200>结束
2019-10-09 20:12:01 root engine.py start INFO<78>爬虫开启
2019-10-09 20:12:01 root downloder.py get_resp INFO<13>请求http://www.baidu.com<200>结束
2019-10-09 20:12:01 root downloder.py get_resp INFO<13>请求https://www.guokr.com/ask/newest/<200>结束
2019-10-09 20:12:50 root engine.py start INFO<77>爬虫开启
2019-10-09 20:12:50 root downloder.py get_resp INFO<13>请求http://www.baidu.com<200>结束
2019-10-09 20:12:51 root downloder.py get_resp INFO<13>请求https://www.guokr.com/ask/newest/<200>结束
2019-10-09 20:15:31 root engine.py start INFO<77>爬虫开启
2019-10-09 20:15:31 root downloder.py get_resp INFO<13>请求http://www.baidu.com<200>结束
2019-10-09 20:15:31 root downloder.py get_resp INFO<13>请求https://www.guokr.com/ask/newest/<200>结束
2019-10-09 20:15:31 root engine.py start INFO<91>爬虫结束，共耗时0.5423437210000001秒
2019-10-09 20:15:31 root engine.py start INFO<92>共发送请求数量：4
2019-10-09 20:15:31 root engine.py start INFO<93>请求成功数：2
2019-10-09 20:15:31 root engine.py start INFO<94>重复请求2
2019-10-09 20:16:14 root engine.py start INFO<77>爬虫开启
2019-10-09 20:16:14 root downloder.py get_resp INFO<13>请求http://www.baidu.com<200>结束
2019-10-09 20:16:15 root downloder.py get_resp INFO<13>请求https://www.guokr.com/ask/newest/<200>结束
2019-10-09 20:16:15 root engine.py start INFO<91>爬虫结束，共耗时0.8184358310000001秒
2019-10-09 20:16:15 root engine.py start INFO<92>共发送请求数量：4
2019-10-09 20:16:15 root engine.py start INFO<93>请求成功数：2
2019-10-09 20:16:15 root engine.py start INFO<94>重复请求2
2019-10-09 20:16:46 root engine.py start INFO<77>爬虫开启
2019-10-09 20:16:46 root downloder.py get_resp INFO<13>请求http://www.baidu.com<200>结束
2019-10-09 20:16:46 root downloder.py get_resp INFO<13>请求https://www.guokr.com/ask/newest/<200>结束
2019-10-09 20:16:46 root downloder.py get_resp INFO<13>请求https://www.guokr.com/question/686417/<200>结束
2019-10-09 20:16:47 root downloder.py get_resp INFO<13>请求https://www.guokr.com/question/686401/<200>结束
2019-10-09 20:16:47 root downloder.py get_resp INFO<13>请求https://www.guokr.com/question/686397/<200>结束
2019-10-09 20:16:48 root downloder.py get_resp INFO<13>请求https://www.guokr.com/question/686395/<200>结束
2019-10-09 20:16:48 root downloder.py get_resp INFO<13>请求https://www.guokr.com/question/686386/<200>结束
2019-10-09 20:16:48 root downloder.py get_resp INFO<13>请求https://www.guokr.com/question/686327/<200>结束
2019-10-09 20:16:49 root downloder.py get_resp INFO<13>请求https://www.guokr.com/question/686316/<200>结束
2019-10-09 20:16:49 root downloder.py get_resp INFO<13>请求https://www.guokr.com/question/686313/<200>结束
2019-10-09 20:16:50 root downloder.py get_resp INFO<13>请求https://www.guokr.com/question/686308/<200>结束
2019-10-09 20:16:50 root downloder.py get_resp INFO<13>请求https://www.guokr.com/question/686307/<200>结束
2019-10-09 20:16:50 root downloder.py get_resp INFO<13>请求https://www.guokr.com/question/686274/<200>结束
2019-10-09 20:16:51 root downloder.py get_resp INFO<13>请求https://www.guokr.com/question/686264/<200>结束
2019-10-09 20:16:51 root downloder.py get_resp INFO<13>请求https://www.guokr.com/question/686255/<200>结束
2019-10-09 20:16:51 root downloder.py get_resp INFO<13>请求https://www.guokr.com/question/686250/<200>结束
2019-10-09 20:16:52 root downloder.py get_resp INFO<13>请求https://www.guokr.com/question/686249/<200>结束
2019-10-09 20:16:52 root downloder.py get_resp INFO<13>请求https://www.guokr.com/question/686248/<200>结束
2019-10-09 20:16:53 root downloder.py get_resp INFO<13>请求https://www.guokr.com/question/686234/<200>结束
2019-10-09 20:16:53 root downloder.py get_resp INFO<13>请求https://www.guokr.com/question/686213/<200>结束
2019-10-09 20:16:53 root downloder.py get_resp INFO<13>请求https://www.guokr.com/question/686212/<200>结束
2019-10-09 20:16:54 root downloder.py get_resp INFO<13>请求https://www.guokr.com/question/686211/<200>结束
2019-10-09 20:16:54 root engine.py start INFO<91>爬虫结束，共耗时7.944995194秒
2019-10-09 20:16:54 root engine.py start INFO<92>共发送请求数量：24
2019-10-09 20:16:54 root engine.py start INFO<93>请求成功数：22
2019-10-09 20:16:54 root engine.py start INFO<94>重复请求2
2019-10-09 20:20:14 root engine.py start INFO<77>爬虫开启
2019-10-09 20:20:14 root downloder.py get_resp INFO<13>请求http://www.baidu.com<200>结束
2019-10-09 20:20:14 root downloder.py get_resp INFO<13>请求https://www.guokr.com/ask/newest/<200>结束
2019-10-09 20:20:15 root downloder.py get_resp INFO<13>请求https://www.guokr.com/question/686417/<200>结束
2019-10-09 20:20:15 root downloder.py get_resp INFO<13>请求https://www.guokr.com/question/686401/<200>结束
2019-10-09 20:20:15 root downloder.py get_resp INFO<13>请求https://www.guokr.com/question/686397/<200>结束
2019-10-09 20:20:16 root downloder.py get_resp INFO<13>请求https://www.guokr.com/question/686395/<200>结束
2019-10-09 20:20:16 root downloder.py get_resp INFO<13>请求https://www.guokr.com/question/686386/<200>结束
2019-10-09 20:20:16 root downloder.py get_resp INFO<13>请求https://www.guokr.com/question/686327/<200>结束
2019-10-09 20:20:17 root downloder.py get_resp INFO<13>请求https://www.guokr.com/question/686316/<200>结束
2019-10-09 20:20:17 root downloder.py get_resp INFO<13>请求https://www.guokr.com/question/686313/<200>结束
2019-10-09 20:20:17 root downloder.py get_resp INFO<13>请求https://www.guokr.com/question/686308/<200>结束
2019-10-09 20:20:18 root downloder.py get_resp INFO<13>请求https://www.guokr.com/question/686307/<200>结束
2019-10-09 20:20:18 root downloder.py get_resp INFO<13>请求https://www.guokr.com/question/686274/<200>结束
2019-10-09 20:20:19 root downloder.py get_resp INFO<13>请求https://www.guokr.com/question/686264/<200>结束
2019-10-09 20:20:19 root downloder.py get_resp INFO<13>请求https://www.guokr.com/question/686255/<200>结束
2019-10-09 20:20:19 root downloder.py get_resp INFO<13>请求https://www.guokr.com/question/686250/<200>结束
2019-10-09 20:20:23 root downloder.py get_resp INFO<13>请求https://www.guokr.com/question/686249/<200>结束
2019-10-09 20:20:23 root downloder.py get_resp INFO<13>请求https://www.guokr.com/question/686248/<200>结束
2019-10-09 20:20:24 root downloder.py get_resp INFO<13>请求https://www.guokr.com/question/686234/<200>结束
2019-10-09 20:20:24 root downloder.py get_resp INFO<13>请求https://www.guokr.com/question/686213/<200>结束
2019-10-09 20:20:24 root downloder.py get_resp INFO<13>请求https://www.guokr.com/question/686212/<200>结束
2019-10-09 20:20:25 root downloder.py get_resp INFO<13>请求https://www.guokr.com/question/686211/<200>结束
2019-10-09 20:20:25 root engine.py start INFO<91>爬虫结束，共耗时11.056595111秒
2019-10-09 20:20:25 root engine.py start INFO<92>共发送请求数量：24
2019-10-09 20:20:25 root engine.py start INFO<93>请求成功数：22
2019-10-09 20:20:25 root engine.py start INFO<94>重复请求2
2019-10-09 20:21:15 root engine.py start INFO<77>爬虫开启
2019-10-09 20:21:15 root downloder.py get_resp INFO<13>请求http://www.baidu.com<200>结束
2019-10-09 20:21:15 root downloder.py get_resp INFO<13>请求https://www.guokr.com/ask/newest/<200>结束
2019-10-09 20:21:16 root downloder.py get_resp INFO<13>请求https://www.guokr.com/question/686417/<200>结束
2019-10-09 20:21:16 root downloder.py get_resp INFO<13>请求https://www.guokr.com/question/686401/<200>结束
2019-10-09 20:21:19 root downloder.py get_resp INFO<13>请求https://www.guokr.com/question/686397/<200>结束
2019-10-09 20:21:20 root downloder.py get_resp INFO<13>请求https://www.guokr.com/question/686395/<200>结束
2019-10-09 20:21:20 root downloder.py get_resp INFO<13>请求https://www.guokr.com/question/686386/<200>结束
2019-10-09 20:21:20 root downloder.py get_resp INFO<13>请求https://www.guokr.com/question/686327/<200>结束
2019-10-09 20:21:21 root downloder.py get_resp INFO<13>请求https://www.guokr.com/question/686316/<200>结束
2019-10-09 20:21:21 root downloder.py get_resp INFO<13>请求https://www.guokr.com/question/686313/<200>结束
2019-10-09 20:21:21 root downloder.py get_resp INFO<13>请求https://www.guokr.com/question/686308/<200>结束
2019-10-09 20:21:22 root downloder.py get_resp INFO<13>请求https://www.guokr.com/question/686307/<200>结束
2019-10-09 20:21:22 root downloder.py get_resp INFO<13>请求https://www.guokr.com/question/686274/<200>结束
2019-10-09 20:21:23 root downloder.py get_resp INFO<13>请求https://www.guokr.com/question/686264/<200>结束
2019-10-09 20:21:23 root downloder.py get_resp INFO<13>请求https://www.guokr.com/question/686255/<200>结束
2019-10-09 20:21:23 root downloder.py get_resp INFO<13>请求https://www.guokr.com/question/686250/<200>结束
2019-10-09 20:21:24 root downloder.py get_resp INFO<13>请求https://www.guokr.com/question/686249/<200>结束
2019-10-09 20:21:24 root downloder.py get_resp INFO<13>请求https://www.guokr.com/question/686248/<200>结束
2019-10-09 20:21:24 root downloder.py get_resp INFO<13>请求https://www.guokr.com/question/686234/<200>结束
2019-10-09 20:21:25 root downloder.py get_resp INFO<13>请求https://www.guokr.com/question/686213/<200>结束
2019-10-09 20:21:25 root downloder.py get_resp INFO<13>请求https://www.guokr.com/question/686212/<200>结束
2019-10-09 20:21:25 root downloder.py get_resp INFO<13>请求https://www.guokr.com/question/686211/<200>结束
2019-10-09 20:21:25 root engine.py start INFO<91>爬虫结束，共耗时10.862729528秒
2019-10-09 20:21:25 root engine.py start INFO<92>共发送请求数量：24
2019-10-09 20:21:25 root engine.py start INFO<93>请求成功数：22
2019-10-09 20:21:25 root engine.py start INFO<94>重复请求2
2019-10-09 20:21:41 root engine.py start INFO<77>爬虫开启
2019-10-09 20:21:41 root downloder.py get_resp INFO<13>请求http://www.baidu.com<200>结束
2019-10-09 20:21:41 root downloder.py get_resp INFO<13>请求https://www.guokr.com/ask/newest/<200>结束
2019-10-09 20:21:41 root engine.py start INFO<91>爬虫结束，共耗时0.30079261399999996秒
2019-10-09 20:21:41 root engine.py start INFO<92>共发送请求数量：4
2019-10-09 20:21:41 root engine.py start INFO<93>请求成功数：2
2019-10-09 20:21:41 root engine.py start INFO<94>重复请求2
2019-10-09 20:21:49 root engine.py start INFO<77>爬虫开启
2019-10-09 20:21:50 root downloder.py get_resp INFO<13>请求http://www.baidu.com<200>结束
2019-10-09 20:21:50 root downloder.py get_resp INFO<13>请求https://www.guokr.com/ask/newest/<200>结束
2019-10-09 20:21:51 root downloder.py get_resp INFO<13>请求https://www.guokr.com/question/686417/<200>结束
2019-10-09 20:21:51 root downloder.py get_resp INFO<13>请求https://www.guokr.com/question/686401/<200>结束
2019-10-09 20:21:52 root downloder.py get_resp INFO<13>请求https://www.guokr.com/question/686397/<200>结束
2019-10-09 20:21:52 root downloder.py get_resp INFO<13>请求https://www.guokr.com/question/686395/<200>结束
2019-10-09 20:21:52 root downloder.py get_resp INFO<13>请求https://www.guokr.com/question/686386/<200>结束
2019-10-09 20:21:53 root downloder.py get_resp INFO<13>请求https://www.guokr.com/question/686327/<200>结束
2019-10-09 20:21:53 root downloder.py get_resp INFO<13>请求https://www.guokr.com/question/686316/<200>结束
2019-10-09 20:21:53 root downloder.py get_resp INFO<13>请求https://www.guokr.com/question/686313/<200>结束
2019-10-09 20:21:54 root downloder.py get_resp INFO<13>请求https://www.guokr.com/question/686308/<200>结束
2019-10-09 20:21:54 root downloder.py get_resp INFO<13>请求https://www.guokr.com/question/686307/<200>结束
2019-10-09 20:21:54 root downloder.py get_resp INFO<13>请求https://www.guokr.com/question/686274/<200>结束
2019-10-09 20:21:55 root downloder.py get_resp INFO<13>请求https://www.guokr.com/question/686264/<200>结束
2019-10-09 20:21:55 root downloder.py get_resp INFO<13>请求https://www.guokr.com/question/686255/<200>结束
2019-10-09 20:21:56 root downloder.py get_resp INFO<13>请求https://www.guokr.com/question/686250/<200>结束
2019-10-09 20:21:56 root downloder.py get_resp INFO<13>请求https://www.guokr.com/question/686249/<200>结束
2019-10-09 20:21:56 root downloder.py get_resp INFO<13>请求https://www.guokr.com/question/686248/<200>结束
2019-10-09 20:21:57 root downloder.py get_resp INFO<13>请求https://www.guokr.com/question/686234/<200>结束
2019-10-09 20:21:57 root downloder.py get_resp INFO<13>请求https://www.guokr.com/question/686213/<200>结束
2019-10-09 20:21:57 root downloder.py get_resp INFO<13>请求https://www.guokr.com/question/686212/<200>结束
2019-10-09 20:21:58 root downloder.py get_resp INFO<13>请求https://www.guokr.com/question/686211/<200>结束
2019-10-09 20:21:58 root engine.py start INFO<91>爬虫结束，共耗时8.240863152秒
2019-10-09 20:21:58 root engine.py start INFO<92>共发送请求数量：24
2019-10-09 20:21:58 root engine.py start INFO<93>请求成功数：22
2019-10-09 20:21:58 root engine.py start INFO<94>重复请求2
2019-10-09 20:31:01 root engine.py start INFO<77>爬虫开启
2019-10-09 20:32:52 root engine.py start INFO<77>爬虫开启
2019-10-09 20:33:16 root engine.py start INFO<77>爬虫开启
2019-10-09 20:33:47 root engine.py start INFO<77>爬虫开启
2019-10-09 20:34:43 root engine.py start INFO<77>爬虫开启
2019-10-09 20:36:21 root engine.py start INFO<77>爬虫开启
2019-10-09 20:37:25 root engine.py start INFO<77>爬虫开启
2019-10-09 20:37:53 root engine.py start INFO<77>爬虫开启
2019-10-09 20:37:53 root downloder.py get_resp INFO<13>请求http://www.baidu.com<200>
2019-10-09 20:37:54 root downloder.py get_resp INFO<13>请求https://www.guokr.com/ask/newest/<200>
2019-10-09 20:37:54 root downloder.py get_resp INFO<13>请求https://www.guokr.com/question/686417/<200>
2019-10-09 20:37:55 root downloder.py get_resp INFO<13>请求https://www.guokr.com/question/686401/<200>
2019-10-09 20:37:55 root downloder.py get_resp INFO<13>请求https://www.guokr.com/question/686397/<200>
2019-10-09 20:37:55 root downloder.py get_resp INFO<13>请求https://www.guokr.com/question/686395/<200>
2019-10-09 20:37:56 root downloder.py get_resp INFO<13>请求https://www.guokr.com/question/686386/<200>
2019-10-09 20:37:56 root downloder.py get_resp INFO<13>请求https://www.guokr.com/question/686327/<200>
2019-10-09 20:38:27 root engine.py start INFO<77>爬虫开启
2019-10-09 20:38:51 root engine.py start INFO<77>爬虫开启
2019-10-09 20:39:31 root engine.py start INFO<77>爬虫开启
2019-10-09 20:39:31 root downloder.py get_resp INFO<13>请求http://www.baidu.com<200>
2019-10-09 20:39:31 root downloder.py get_resp INFO<13>请求https://www.guokr.com/ask/newest/<200>
2019-10-09 20:39:32 root downloder.py get_resp INFO<13>请求https://www.guokr.com/question/686417/<200>
2019-10-09 20:39:32 root downloder.py get_resp INFO<13>请求https://www.guokr.com/question/686401/<200>
2019-10-09 20:39:32 root downloder.py get_resp INFO<13>请求https://www.guokr.com/question/686397/<200>
2019-10-09 20:39:33 root downloder.py get_resp INFO<13>请求https://www.guokr.com/question/686395/<200>
2019-10-09 20:39:33 root downloder.py get_resp INFO<13>请求https://www.guokr.com/question/686386/<200>
2019-10-09 20:39:34 root downloder.py get_resp INFO<13>请求https://www.guokr.com/question/686327/<200>
2019-10-09 20:40:08 root engine.py start INFO<77>爬虫开启
2019-10-09 20:40:08 root downloder.py get_resp INFO<13>请求http://www.baidu.com<200>
2019-10-09 20:40:08 root downloder.py get_resp INFO<13>请求https://www.guokr.com/ask/newest/<200>
2019-10-09 20:40:08 root downloder.py get_resp INFO<13>请求https://www.guokr.com/question/686417/<200>
2019-10-09 20:40:09 root downloder.py get_resp INFO<13>请求https://www.guokr.com/question/686401/<200>
2019-10-09 20:40:09 root downloder.py get_resp INFO<13>请求https://www.guokr.com/question/686397/<200>
2019-10-09 20:40:09 root downloder.py get_resp INFO<13>请求https://www.guokr.com/question/686395/<200>
2019-10-09 20:40:10 root downloder.py get_resp INFO<13>请求https://www.guokr.com/question/686386/<200>
2019-10-09 20:40:10 root downloder.py get_resp INFO<13>请求https://www.guokr.com/question/686327/<200>
2019-10-09 20:40:10 root downloder.py get_resp INFO<13>请求https://www.guokr.com/question/686316/<200>
2019-10-09 20:40:11 root downloder.py get_resp INFO<13>请求https://www.guokr.com/question/686313/<200>
2019-10-09 20:40:11 root downloder.py get_resp INFO<13>请求https://www.guokr.com/question/686308/<200>
2019-10-09 20:40:12 root downloder.py get_resp INFO<13>请求https://www.guokr.com/question/686307/<200>
2019-10-09 20:40:12 root downloder.py get_resp INFO<13>请求https://www.guokr.com/question/686274/<200>
2019-10-09 20:40:12 root downloder.py get_resp INFO<13>请求https://www.guokr.com/question/686264/<200>
2019-10-09 20:40:13 root downloder.py get_resp INFO<13>请求https://www.guokr.com/question/686255/<200>
2019-10-09 20:40:13 root downloder.py get_resp INFO<13>请求https://www.guokr.com/question/686250/<200>
2019-10-09 20:40:13 root downloder.py get_resp INFO<13>请求https://www.guokr.com/question/686249/<200>
2019-10-09 20:40:14 root downloder.py get_resp INFO<13>请求https://www.guokr.com/question/686248/<200>
2019-10-09 20:40:14 root downloder.py get_resp INFO<13>请求https://www.guokr.com/question/686234/<200>
2019-10-09 20:40:14 root downloder.py get_resp INFO<13>请求https://www.guokr.com/question/686213/<200>
2019-10-09 20:40:15 root downloder.py get_resp INFO<13>请求https://www.guokr.com/question/686212/<200>
2019-10-09 20:40:15 root downloder.py get_resp INFO<13>请求https://www.guokr.com/question/686211/<200>
2019-10-09 20:40:15 root engine.py start INFO<91>爬虫结束，共耗时7.642417983秒
2019-10-09 20:40:15 root engine.py start INFO<92>共发送请求数量：24
2019-10-09 20:40:15 root engine.py start INFO<93>请求成功数：22
2019-10-09 20:40:15 root engine.py start INFO<94>重复请求2
2019-10-09 20:43:41 root engine.py start INFO<77>爬虫开启
2019-10-09 20:43:41 root downloder.py get_resp INFO<13>请求http://www.baidu.com<200>
2019-10-09 20:43:42 root downloder.py get_resp INFO<13>请求https://www.guokr.com/ask/newest/<200>
2019-10-09 20:43:42 root downloder.py get_resp INFO<13>请求https://www.guokr.com/question/686417/<200>
2019-10-09 20:43:43 root downloder.py get_resp INFO<13>请求https://www.guokr.com/question/686401/<200>
2019-10-09 20:43:43 root downloder.py get_resp INFO<13>请求https://www.guokr.com/question/686397/<200>
2019-10-09 21:01:01 root engine.py start INFO<77>爬虫开启
2019-10-09 21:01:01 root downloder.py get_resp INFO<13>请求http://www.baidu.com<200>
2019-10-09 21:01:01 root downloder.py get_resp INFO<13>请求https://www.guokr.com/ask/newest/<200>
2019-10-09 21:01:02 root downloder.py get_resp INFO<13>请求https://www.guokr.com/question/686417/<200>
2019-10-09 21:01:02 root downloder.py get_resp INFO<13>请求https://www.guokr.com/question/686401/<200>
2019-10-09 21:01:03 root downloder.py get_resp INFO<13>请求https://www.guokr.com/question/686397/<200>
2019-10-09 21:01:03 root downloder.py get_resp INFO<13>请求https://www.guokr.com/question/686395/<200>
2019-10-09 21:01:03 root downloder.py get_resp INFO<13>请求https://www.guokr.com/question/686386/<200>
2019-10-09 21:01:04 root downloder.py get_resp INFO<13>请求https://www.guokr.com/question/686327/<200>
2019-10-09 21:27:44 root engine.py start INFO<78>爬虫开启
2019-10-09 21:27:44 root downloder.py get_resp INFO<13>请求http://www.baidu.com<200>
2019-10-09 21:27:45 root downloder.py get_resp INFO<13>请求https://www.guokr.com/ask/newest/<200>
2019-10-09 21:27:45 root downloder.py get_resp INFO<13>请求https://www.guokr.com/question/686417/<200>
2019-10-09 21:27:45 root downloder.py get_resp INFO<13>请求https://www.guokr.com/question/686401/<200>
2019-10-09 21:27:46 root downloder.py get_resp INFO<13>请求https://www.guokr.com/question/686397/<200>
2019-10-09 21:27:46 root downloder.py get_resp INFO<13>请求https://www.guokr.com/question/686395/<200>
2019-10-09 21:27:46 root downloder.py get_resp INFO<13>请求https://www.guokr.com/question/686386/<200>
2019-10-09 21:27:47 root downloder.py get_resp INFO<13>请求https://www.guokr.com/question/686327/<200>
2019-10-09 21:27:47 root downloder.py get_resp INFO<13>请求https://www.guokr.com/question/686316/<200>
2019-10-09 21:27:48 root downloder.py get_resp INFO<13>请求https://www.guokr.com/question/686313/<200>
2019-10-09 21:27:48 root downloder.py get_resp INFO<13>请求https://www.guokr.com/question/686308/<200>
2019-10-09 21:27:48 root downloder.py get_resp INFO<13>请求https://www.guokr.com/question/686307/<200>
2019-10-09 21:27:49 root downloder.py get_resp INFO<13>请求https://www.guokr.com/question/686274/<200>
2019-10-09 21:27:49 root downloder.py get_resp INFO<13>请求https://www.guokr.com/question/686264/<200>
2019-10-09 21:27:50 root downloder.py get_resp INFO<13>请求https://www.guokr.com/question/686255/<200>
2019-10-09 21:27:50 root downloder.py get_resp INFO<13>请求https://www.guokr.com/question/686250/<200>
2019-10-09 21:27:50 root downloder.py get_resp INFO<13>请求https://www.guokr.com/question/686249/<200>
2019-10-09 21:27:51 root downloder.py get_resp INFO<13>请求https://www.guokr.com/question/686248/<200>
2019-10-09 21:27:51 root downloder.py get_resp INFO<13>请求https://www.guokr.com/question/686234/<200>
2019-10-09 21:27:52 root downloder.py get_resp INFO<13>请求https://www.guokr.com/question/686213/<200>
2019-10-09 21:27:52 root downloder.py get_resp INFO<13>请求https://www.guokr.com/question/686212/<200>
2019-10-09 21:27:52 root downloder.py get_resp INFO<13>请求https://www.guokr.com/question/686211/<200>
2019-10-09 21:27:52 root engine.py start INFO<92>爬虫结束，共耗时8.047731012秒
2019-10-09 21:27:52 root engine.py start INFO<93>共发送请求数量：24
2019-10-09 21:27:52 root engine.py start INFO<94>请求成功数：22
2019-10-09 21:27:52 root engine.py start INFO<95>重复请求2
2019-10-10 14:12:53 root engine.py start INFO<80>爬虫开启
2019-10-10 14:12:53 root downloder.py get_resp INFO<16>请求http://www.baidu.com<200>
2019-10-10 14:12:53 root downloder.py get_resp INFO<16>请求https://www.guokr.com/ask/newest/<200>
2019-10-10 14:12:54 root downloder.py get_resp INFO<16>请求https://www.guokr.com/question/686417/<200>
2019-10-10 14:12:54 root downloder.py get_resp INFO<16>请求https://www.guokr.com/question/686401/<200>
2019-10-10 14:12:55 root downloder.py get_resp INFO<16>请求https://www.guokr.com/question/686397/<200>
2019-10-10 14:12:55 root downloder.py get_resp INFO<16>请求https://www.guokr.com/question/686395/<200>
2019-10-10 14:12:55 root downloder.py get_resp INFO<16>请求https://www.guokr.com/question/686386/<200>
2019-10-10 14:12:56 root downloder.py get_resp INFO<16>请求https://www.guokr.com/question/686327/<200>
2019-10-10 14:12:56 root downloder.py get_resp INFO<16>请求https://www.guokr.com/question/686316/<200>
2019-10-10 14:12:57 root downloder.py get_resp INFO<16>请求https://www.guokr.com/question/686313/<200>
2019-10-10 14:12:57 root downloder.py get_resp INFO<16>请求https://www.guokr.com/question/686308/<200>
2019-10-10 14:12:57 root downloder.py get_resp INFO<16>请求https://www.guokr.com/question/686307/<200>
2019-10-10 14:12:58 root downloder.py get_resp INFO<16>请求https://www.guokr.com/question/686274/<200>
2019-10-10 14:12:58 root downloder.py get_resp INFO<16>请求https://www.guokr.com/question/686264/<200>
2019-10-10 14:12:59 root downloder.py get_resp INFO<16>请求https://www.guokr.com/question/686255/<200>
2019-10-10 14:12:59 root downloder.py get_resp INFO<16>请求https://www.guokr.com/question/686250/<200>
2019-10-10 14:12:59 root downloder.py get_resp INFO<16>请求https://www.guokr.com/question/686249/<200>
2019-10-10 14:13:00 root downloder.py get_resp INFO<16>请求https://www.guokr.com/question/686248/<200>
2019-10-10 14:13:00 root downloder.py get_resp INFO<16>请求https://www.guokr.com/question/686234/<200>
2019-10-10 14:13:00 root downloder.py get_resp INFO<16>请求https://www.guokr.com/question/686213/<200>
2019-10-10 14:13:01 root downloder.py get_resp INFO<16>请求https://www.guokr.com/question/686212/<200>
2019-10-10 14:13:01 root downloder.py get_resp INFO<16>请求https://www.guokr.com/question/686211/<200>
2019-10-10 14:13:01 root engine.py start INFO<98>爬虫结束，共耗时8.016897049秒
2019-10-10 14:13:01 root engine.py start INFO<99>共发送请求数量：24
2019-10-10 14:13:01 root engine.py start INFO<100>请求成功数：22
2019-10-10 14:13:01 root engine.py start INFO<101>重复请求2
2019-10-10 14:13:18 root engine.py start INFO<80>爬虫开启
2019-10-10 14:13:18 root downloder.py get_resp INFO<16>请求http://www.baidu.com<200>
2019-10-10 14:13:18 root downloder.py get_resp INFO<16>请求https://www.guokr.com/ask/newest/<200>
2019-10-10 14:13:18 root downloder.py get_resp INFO<16>请求https://www.guokr.com/question/686417/<200>
2019-10-10 14:13:19 root downloder.py get_resp INFO<16>请求https://www.guokr.com/question/686401/<200>
2019-10-10 14:13:19 root downloder.py get_resp INFO<16>请求https://www.guokr.com/question/686397/<200>
2019-10-10 14:13:19 root downloder.py get_resp INFO<16>请求https://www.guokr.com/question/686395/<200>
2019-10-10 14:13:20 root downloder.py get_resp INFO<16>请求https://www.guokr.com/question/686386/<200>
2019-10-10 14:13:20 root downloder.py get_resp INFO<16>请求https://www.guokr.com/question/686327/<200>
2019-10-10 14:13:20 root downloder.py get_resp INFO<16>请求https://www.guokr.com/question/686316/<200>
2019-10-10 14:13:21 root downloder.py get_resp INFO<16>请求https://www.guokr.com/question/686313/<200>
2019-10-10 14:13:21 root downloder.py get_resp INFO<16>请求https://www.guokr.com/question/686308/<200>
2019-10-10 14:13:22 root downloder.py get_resp INFO<16>请求https://www.guokr.com/question/686307/<200>
2019-10-10 14:13:22 root downloder.py get_resp INFO<16>请求https://www.guokr.com/question/686274/<200>
2019-10-10 14:13:22 root downloder.py get_resp INFO<16>请求https://www.guokr.com/question/686264/<200>
2019-10-10 14:13:23 root downloder.py get_resp INFO<16>请求https://www.guokr.com/question/686255/<200>
2019-10-10 14:13:23 root downloder.py get_resp INFO<16>请求https://www.guokr.com/question/686250/<200>
2019-10-10 14:13:24 root downloder.py get_resp INFO<16>请求https://www.guokr.com/question/686249/<200>
2019-10-10 14:13:24 root downloder.py get_resp INFO<16>请求https://www.guokr.com/question/686248/<200>
2019-10-10 14:13:24 root downloder.py get_resp INFO<16>请求https://www.guokr.com/question/686234/<200>
2019-10-10 14:13:25 root downloder.py get_resp INFO<16>请求https://www.guokr.com/question/686213/<200>
2019-10-10 14:13:25 root downloder.py get_resp INFO<16>请求https://www.guokr.com/question/686212/<200>
2019-10-10 14:13:25 root downloder.py get_resp INFO<16>请求https://www.guokr.com/question/686211/<200>
2019-10-10 14:13:25 root engine.py start INFO<98>爬虫结束，共耗时7.557849446秒
2019-10-10 14:13:25 root engine.py start INFO<99>共发送请求数量：24
2019-10-10 14:13:25 root engine.py start INFO<100>请求成功数：22
2019-10-10 14:13:25 root engine.py start INFO<101>重复请求2
